<?xml version="1.0" encoding="UTF-8"?>
<!-- Generated by org.testng.reporters.JUnitXMLReporter -->
<testsuite hostname="ShanuDilipSingh10" ignored="0" name="Test00" tests="13" failures="0" timestamp="10 Dec 2021 16:29:57 GMT" time="159.145" errors="0">
  <testcase name="TestCase003" time="8.132" classname="com.testCases.CA_TC009ME_Button_Logout_Test"/>
  <testcase name="TC0013" time="5.738" classname="com.testCases.CA_TC13JobLoctionTest"/>
  <testcase name="TestCase005" time="7.459" classname="com.testCases.CA_TC005Me_Button"/>
  <testcase name="TestCase002" time="7.615" classname="com.testCases.CA_TC006MeButton_MYProfile"/>
  <testcase name="TestCase001" time="6.776" classname="com.testCases.CA_TC002Home_Test"/>
  <testcase name="TestCase008" time="8.35" classname="com.testCases.CA_TC008Me_Button_Preferences"/>
  <testcase name="Logintest" time="3.966" classname="com.testCases.CA_TC001LoginTest"/>
  <testcase name="TestCase002" time="9.422" classname="com.testCases.CA_TC007Me_Button_Setting"/>
  <testcase name="TC004" time="5.98" classname="com.testCases.CA_TC0011JobTitleTest"/>
  <testcase name="search001" time="8.94" classname="com.testCases.CA_TC003SearchBoxPositive"/>
  <testcase name="TestC004" time="8.541" classname="com.testCases.CA_TC0010ME_Button_Jombone_test"/>
  <testcase name="search001" time="9.088" classname="com.testCases.CA_TC004SearchNegative"/>
  <testcase name="TC0012" time="5.511" classname="com.testCases.CA_TC0012CompanyNameTest"/>
</testsuite> <!-- Test00 -->
