<?xml version="1.0" encoding="UTF-8"?>
<!-- Generated by org.testng.reporters.JUnitXMLReporter -->
<testsuite hostname="ShanuDilipSingh10" ignored="0" name="Test" tests="13" failures="0" timestamp="08 Dec 2021 19:50:49 GMT" time="155.635" errors="0">
  <testcase name="TestCase003" time="7.966" classname="com.testCases.CA_TC009ME_Button_Logout_Test"/>
  <testcase name="TC0013" time="5.433" classname="com.testCases.CA_TC13JobLoctionTest"/>
  <testcase name="TestCase005" time="7.386" classname="com.testCases.CA_TC005Me_Button"/>
  <testcase name="TestCase002" time="8.533" classname="com.testCases.CA_TC006MeButton_MYProfile"/>
  <testcase name="TestCase001" time="6.861" classname="com.testCases.CA_TC002Home_Test"/>
  <testcase name="TestCase008" time="8.365" classname="com.testCases.CA_TC008Me_Button_Preferences"/>
  <testcase name="Logintest" time="4.087" classname="com.testCases.CA_TC001LoginTest"/>
  <testcase name="TestCase002" time="8.22" classname="com.testCases.CA_TC007Me_Button_Setting"/>
  <testcase name="TC004" time="6.112" classname="com.testCases.CA_TC0011JobTitleTest"/>
  <testcase name="search001" time="8.059" classname="com.testCases.CA_TC003SearchBoxPositive"/>
  <testcase name="TestC004" time="8.07" classname="com.testCases.CA_TC0010ME_Button_Jombone_test"/>
  <testcase name="search001" time="8.234" classname="com.testCases.CA_TC004SearchNegative"/>
  <testcase name="TC0012" time="5.491" classname="com.testCases.CA_TC0012CompanyNameTest"/>
</testsuite> <!-- Test -->
