<?xml version="1.0" encoding="UTF-8"?>
<!-- Generated by org.testng.reporters.JUnitXMLReporter -->
<testsuite hostname="ShanuDilipSingh10" ignored="0" name="Test002" tests="1" failures="1" timestamp="08 Dec 2021 23:45:32 GMT" time="6.204" errors="0">
  <testcase name="TestCase005" time="0.005" classname="com.testCases.CA_TC005Me_Button">
    <failure type="java.lang.NullPointerException">
      <![CDATA[java.lang.NullPointerException
at com.testCases.CA_TC001LoginTest.Logintest(CA_TC001LoginTest.java:18)
at com.testCases.CA_TC002Home_Test.TestCase001(CA_TC002Home_Test.java:21)
at com.testCases.CA_TC005Me_Button.TestCase005(CA_TC005Me_Button.java:21)
... Removed 25 stack frames]]>
    </failure>
  </testcase> <!-- TestCase005 -->
</testsuite> <!-- Test002 -->
