<?xml version="1.0" encoding="UTF-8"?>
<!-- Generated by org.testng.reporters.JUnitXMLReporter -->
<testsuite hostname="ShanuDilipSingh10" ignored="0" name="Test005" tests="1" failures="1" timestamp="08 Dec 2021 23:45:57 GMT" time="6.219" errors="0">
  <testcase name="TC004" time="0.005" classname="com.testCases.CA_TC0011JobTitleTest">
    <failure type="java.lang.NullPointerException">
      <![CDATA[java.lang.NullPointerException
at com.testCases.CA_TC001LoginTest.Logintest(CA_TC001LoginTest.java:18)
at com.testCases.CA_TC0011JobTitleTest.TC004(CA_TC0011JobTitleTest.java:20)
... Removed 25 stack frames]]>
    </failure>
  </testcase> <!-- TC004 -->
</testsuite> <!-- Test005 -->
