<?xml version="1.0" encoding="UTF-8"?>
<!-- Generated by org.testng.reporters.JUnitXMLReporter -->
<testsuite hostname="ShanuDilipSingh10" ignored="0" name="Test003" tests="1" failures="1" timestamp="08 Dec 2021 23:45:38 GMT" time="6.495" errors="0">
  <testcase name="TestCase001" time="0.003" classname="com.testCases.CA_TC002Home_Test">
    <failure type="java.lang.NullPointerException">
      <![CDATA[java.lang.NullPointerException
at com.testCases.CA_TC001LoginTest.Logintest(CA_TC001LoginTest.java:18)
at com.testCases.CA_TC002Home_Test.TestCase001(CA_TC002Home_Test.java:21)
... Removed 25 stack frames]]>
    </failure>
  </testcase> <!-- TestCase001 -->
</testsuite> <!-- Test003 -->
