<?xml version="1.0" encoding="UTF-8"?>
<!-- Generated by org.testng.reporters.JUnitXMLReporter -->
<testsuite hostname="ShanuDilipSingh10" ignored="0" name="Test008" tests="1" failures="1" timestamp="08 Dec 2021 23:46:52 GMT" time="6.553" errors="0">
  <testcase name="TC0013" time="0.003" classname="com.testCases.CA_TC13JobLoctionTest">
    <failure type="java.lang.NullPointerException">
      <![CDATA[java.lang.NullPointerException
at com.testCases.CA_TC001LoginTest.Logintest(CA_TC001LoginTest.java:18)
at com.testCases.CA_TC13JobLoctionTest.TC0013(CA_TC13JobLoctionTest.java:18)
... Removed 25 stack frames]]>
    </failure>
  </testcase> <!-- TC0013 -->
</testsuite> <!-- Test008 -->
