<?xml version="1.0" encoding="UTF-8"?>
<!-- Generated by org.testng.reporters.JUnitXMLReporter -->
<testsuite hostname="ShanuDilipSingh10" ignored="0" name="Test0014" tests="1" failures="1" timestamp="08 Dec 2021 23:47:32 GMT" time="6.341" errors="0">
  <testcase name="TC0012" time="0.001" classname="com.testCases.CA_TC0012CompanyNameTest">
    <failure type="java.lang.NullPointerException">
      <![CDATA[java.lang.NullPointerException
at com.testCases.CA_TC001LoginTest.Logintest(CA_TC001LoginTest.java:18)
at com.testCases.CA_TC0012CompanyNameTest.TC0012(CA_TC0012CompanyNameTest.java:20)
... Removed 25 stack frames]]>
    </failure>
  </testcase> <!-- TC0012 -->
</testsuite> <!-- Test0014 -->
