<?xml version="1.0" encoding="UTF-8"?>
<!-- Generated by org.testng.reporters.JUnitXMLReporter -->
<testsuite hostname="ShanuDilipSingh10" ignored="0" name="Test009" tests="1" failures="1" timestamp="08 Dec 2021 23:46:59 GMT" time="6.469" errors="0">
  <testcase name="TestCase002" time="0.002" classname="com.testCases.CA_TC006MeButton_MYProfile">
    <failure type="java.lang.NullPointerException">
      <![CDATA[java.lang.NullPointerException
at com.testCases.CA_TC001LoginTest.Logintest(CA_TC001LoginTest.java:18)
at com.testCases.CA_TC002Home_Test.TestCase001(CA_TC002Home_Test.java:21)
at com.testCases.CA_TC005Me_Button.TestCase005(CA_TC005Me_Button.java:21)
at com.testCases.CA_TC006MeButton_MYProfile.TestCase002(CA_TC006MeButton_MYProfile.java:20)
... Removed 25 stack frames]]>
    </failure>
  </testcase> <!-- TestCase002 -->
</testsuite> <!-- Test009 -->
