<?xml version="1.0" encoding="UTF-8"?>
<!-- Generated by org.testng.reporters.JUnitXMLReporter -->
<testsuite hostname="ShanuDilipSingh10" ignored="0" name="Test0013" tests="1" failures="1" timestamp="08 Dec 2021 23:47:25 GMT" time="6.495" errors="0">
  <testcase name="search001" time="0.002" classname="com.testCases.CA_TC004SearchNegative">
    <failure type="java.lang.NullPointerException">
      <![CDATA[java.lang.NullPointerException
at com.testCases.CA_TC001LoginTest.Logintest(CA_TC001LoginTest.java:18)
at com.testCases.CA_TC002Home_Test.TestCase001(CA_TC002Home_Test.java:21)
at com.testCases.CA_TC003SearchBoxPositive.search001(CA_TC003SearchBoxPositive.java:21)
at com.testCases.CA_TC004SearchNegative.search001(CA_TC004SearchNegative.java:21)
... Removed 25 stack frames]]>
    </failure>
  </testcase> <!-- search001 -->
</testsuite> <!-- Test0013 -->
