<?xml version="1.0" encoding="UTF-8"?>
<!-- Generated by org.testng.reporters.JUnitXMLReporter -->
<testsuite hostname="ShanuDilipSingh10" ignored="0" name="Test" tests="13" failures="0" timestamp="08 Dec 2021 19:55:03 GMT" time="154.847" errors="0">
  <testcase name="TestCase003" time="8.124" classname="com.testCases.CA_TC009ME_Button_Logout_Test"/>
  <testcase name="TC0013" time="5.601" classname="com.testCases.CA_TC13JobLoctionTest"/>
  <testcase name="TestCase005" time="7.63" classname="com.testCases.CA_TC005Me_Button"/>
  <testcase name="TestCase002" time="7.815" classname="com.testCases.CA_TC006MeButton_MYProfile"/>
  <testcase name="TestCase001" time="6.373" classname="com.testCases.CA_TC002Home_Test"/>
  <testcase name="TestCase008" time="8.416" classname="com.testCases.CA_TC008Me_Button_Preferences"/>
  <testcase name="Logintest" time="3.997" classname="com.testCases.CA_TC001LoginTest"/>
  <testcase name="TestCase002" time="8.423" classname="com.testCases.CA_TC007Me_Button_Setting"/>
  <testcase name="TC004" time="6.193" classname="com.testCases.CA_TC0011JobTitleTest"/>
  <testcase name="search001" time="8.669" classname="com.testCases.CA_TC003SearchBoxPositive"/>
  <testcase name="TestC004" time="7.992" classname="com.testCases.CA_TC0010ME_Button_Jombone_test"/>
  <testcase name="search001" time="8.319" classname="com.testCases.CA_TC004SearchNegative"/>
  <testcase name="TC0012" time="5.311" classname="com.testCases.CA_TC0012CompanyNameTest"/>
</testsuite> <!-- Test -->
