<?xml version="1.0" encoding="UTF-8"?>
<testsuite xmlns:xsi="http://www.w3.org/2001/XMLSchema-instance" xsi:noNamespaceSchemaLocation="https://maven.apache.org/surefire/maven-surefire-plugin/xsd/surefire-test-report-3.0.xsd" version="3.0" name="TestSuite" time="155.665" tests="13" errors="0" skipped="0" failures="0">
  <properties>
[...]
</properties>
  <testcase name="TestCase003" classname="com.testCases.CA_TC009ME_Button_Logout_Test" time="8.103">
    <system-out><![CDATA[DEBUG [main] (BaseClass.java:54)- Debug logging has started 
 INFO [main] (CA_TC001LoginTest.java:18)- Started Logintest
 INFO [main] (CA_TC001LoginTest.java:24)- Clicked on Login
 INFO [main] (CA_TC001LoginTest.java:37)- Test Passed! Login Successful!
 INFO [main] (CA_TC001LoginTest.java:46)- Completed Logintest
 INFO [main] (CA_TC002Home_Test.java:28)- Clicked on search job  
 INFO [main] (CA_TC002Home_Test.java:32)- Clicked on Home button  
 INFO [main] (CA_TC002Home_Test.java:36)- Test Passed!  User is on Dashboard!
 INFO [main] (CA_TC002Home_Test.java:43)- Completed Logintest
 INFO [main] (CA_TC005Me_Button.java:28)- Mouse hover on me button
 INFO [main] (CA_TC005Me_Button.java:33)- Mouse hover Link Displayed
 INFO [main] (CA_TC009ME_Button_Logout_Test.java:26)- Clicked on Logout button
 INFO [main] (CA_TC009ME_Button_Logout_Test.java:30)- Clicked on Logout yes button
 INFO [main] (CA_TC009ME_Button_Logout_Test.java:37)- Test Passed! Logout Successful!
 INFO [main] (CA_TC009ME_Button_Logout_Test.java:46)- Completed Logout test
]]></system-out>
    <system-err><![CDATA[Starting ChromeDriver 96.0.4664.45 (76e4c1bb2ab4671b8beba3444e61c0f17584b2fc-refs/branch-heads/4664@{#947}) on port 42843
Only local connections are allowed.
Please see https://chromedriver.chromium.org/security-considerations for suggestions on keeping ChromeDriver safe.
ChromeDriver was started successfully.
Dec 08, 2021 2:52:31 PM org.openqa.selenium.remote.ProtocolHandshake createSession
INFO: Detected dialect: W3C
]]></system-err>
  </testcase>
  <testcase name="TC0013" classname="com.testCases.CA_TC13JobLoctionTest" time="5.588">
    <system-out><![CDATA[DEBUG [main] (BaseClass.java:54)- Debug logging has started 
 INFO [main] (CA_TC001LoginTest.java:18)- Started Logintest
 INFO [main] (CA_TC001LoginTest.java:24)- Clicked on Login
 INFO [main] (CA_TC001LoginTest.java:37)- Test Passed! Login Successful!
 INFO [main] (CA_TC001LoginTest.java:46)- Completed Logintest
 INFO [main] (CA_TC13JobLoctionTest.java:24)-  Clicked on job title 
 INFO [main] (CA_TC13JobLoctionTest.java:31)- Job Location visible
]]></system-out>
    <system-err><![CDATA[Starting ChromeDriver 96.0.4664.45 (76e4c1bb2ab4671b8beba3444e61c0f17584b2fc-refs/branch-heads/4664@{#947}) on port 35437
Only local connections are allowed.
Please see https://chromedriver.chromium.org/security-considerations for suggestions on keeping ChromeDriver safe.
ChromeDriver was started successfully.
Dec 08, 2021 2:52:44 PM org.openqa.selenium.remote.ProtocolHandshake createSession
INFO: Detected dialect: W3C
]]></system-err>
  </testcase>
  <testcase name="TestCase005" classname="com.testCases.CA_TC005Me_Button" time="7.623">
    <system-out><![CDATA[DEBUG [main] (BaseClass.java:54)- Debug logging has started 
 INFO [main] (CA_TC001LoginTest.java:18)- Started Logintest
 INFO [main] (CA_TC001LoginTest.java:24)- Clicked on Login
 INFO [main] (CA_TC001LoginTest.java:37)- Test Passed! Login Successful!
 INFO [main] (CA_TC001LoginTest.java:46)- Completed Logintest
 INFO [main] (CA_TC002Home_Test.java:28)- Clicked on search job  
 INFO [main] (CA_TC002Home_Test.java:32)- Clicked on Home button  
 INFO [main] (CA_TC002Home_Test.java:36)- Test Passed!  User is on Dashboard!
 INFO [main] (CA_TC002Home_Test.java:43)- Completed Logintest
 INFO [main] (CA_TC005Me_Button.java:28)- Mouse hover on me button
 INFO [main] (CA_TC005Me_Button.java:33)- Mouse hover Link Displayed
]]></system-out>
    <system-err><![CDATA[Starting ChromeDriver 96.0.4664.45 (76e4c1bb2ab4671b8beba3444e61c0f17584b2fc-refs/branch-heads/4664@{#947}) on port 21576
Only local connections are allowed.
Please see https://chromedriver.chromium.org/security-considerations for suggestions on keeping ChromeDriver safe.
ChromeDriver was started successfully.
Dec 08, 2021 2:52:54 PM org.openqa.selenium.remote.ProtocolHandshake createSession
INFO: Detected dialect: W3C
]]></system-err>
  </testcase>
  <testcase name="TestCase002" classname="com.testCases.CA_TC006MeButton_MYProfile" time="7.813">
    <system-out><![CDATA[DEBUG [main] (BaseClass.java:54)- Debug logging has started 
 INFO [main] (CA_TC001LoginTest.java:18)- Started Logintest
 INFO [main] (CA_TC001LoginTest.java:24)- Clicked on Login
 INFO [main] (CA_TC001LoginTest.java:37)- Test Passed! Login Successful!
 INFO [main] (CA_TC001LoginTest.java:46)- Completed Logintest
 INFO [main] (CA_TC002Home_Test.java:28)- Clicked on search job  
 INFO [main] (CA_TC002Home_Test.java:32)- Clicked on Home button  
 INFO [main] (CA_TC002Home_Test.java:36)- Test Passed!  User is on Dashboard!
 INFO [main] (CA_TC002Home_Test.java:43)- Completed Logintest
 INFO [main] (CA_TC005Me_Button.java:28)- Mouse hover on me button
 INFO [main] (CA_TC005Me_Button.java:33)- Mouse hover Link Displayed
 INFO [main] (CA_TC006MeButton_MYProfile.java:27)- Clicked on My Profile 
 INFO [main] (CA_TC006MeButton_MYProfile.java:31)- User is on Candidate Profile
]]></system-out>
    <system-err><![CDATA[Starting ChromeDriver 96.0.4664.45 (76e4c1bb2ab4671b8beba3444e61c0f17584b2fc-refs/branch-heads/4664@{#947}) on port 12307
Only local connections are allowed.
Please see https://chromedriver.chromium.org/security-considerations for suggestions on keeping ChromeDriver safe.
ChromeDriver was started successfully.
Dec 08, 2021 2:53:06 PM org.openqa.selenium.remote.ProtocolHandshake createSession
INFO: Detected dialect: W3C
]]></system-err>
  </testcase>
  <testcase name="TestCase001" classname="com.testCases.CA_TC002Home_Test" time="6.364">
    <system-out><![CDATA[DEBUG [main] (BaseClass.java:54)- Debug logging has started 
 INFO [main] (CA_TC001LoginTest.java:18)- Started Logintest
 INFO [main] (CA_TC001LoginTest.java:24)- Clicked on Login
 INFO [main] (CA_TC001LoginTest.java:37)- Test Passed! Login Successful!
 INFO [main] (CA_TC001LoginTest.java:46)- Completed Logintest
 INFO [main] (CA_TC002Home_Test.java:28)- Clicked on search job  
 INFO [main] (CA_TC002Home_Test.java:32)- Clicked on Home button  
 INFO [main] (CA_TC002Home_Test.java:36)- Test Passed!  User is on Dashboard!
 INFO [main] (CA_TC002Home_Test.java:43)- Completed Logintest
]]></system-out>
    <system-err><![CDATA[Starting ChromeDriver 96.0.4664.45 (76e4c1bb2ab4671b8beba3444e61c0f17584b2fc-refs/branch-heads/4664@{#947}) on port 28981
Only local connections are allowed.
Please see https://chromedriver.chromium.org/security-considerations for suggestions on keeping ChromeDriver safe.
ChromeDriver was started successfully.
Dec 08, 2021 2:53:19 PM org.openqa.selenium.remote.ProtocolHandshake createSession
INFO: Detected dialect: W3C
]]></system-err>
  </testcase>
  <testcase name="TestCase008" classname="com.testCases.CA_TC008Me_Button_Preferences" time="8.416">
    <system-out><![CDATA[DEBUG [main] (BaseClass.java:54)- Debug logging has started 
 INFO [main] (CA_TC001LoginTest.java:18)- Started Logintest
 INFO [main] (CA_TC001LoginTest.java:24)- Clicked on Login
 INFO [main] (CA_TC001LoginTest.java:37)- Test Passed! Login Successful!
 INFO [main] (CA_TC001LoginTest.java:46)- Completed Logintest
 INFO [main] (CA_TC002Home_Test.java:28)- Clicked on search job  
 INFO [main] (CA_TC002Home_Test.java:32)- Clicked on Home button  
 INFO [main] (CA_TC002Home_Test.java:36)- Test Passed!  User is on Dashboard!
 INFO [main] (CA_TC002Home_Test.java:43)- Completed Logintest
 INFO [main] (CA_TC005Me_Button.java:28)- Mouse hover on me button
 INFO [main] (CA_TC005Me_Button.java:33)- Mouse hover Link Displayed
 INFO [main] (CA_TC008Me_Button_Preferences.java:27)- Clicked on Preferences
 INFO [main] (CA_TC008Me_Button_Preferences.java:31)- User is on Preferences Page
]]></system-out>
    <system-err><![CDATA[Starting ChromeDriver 96.0.4664.45 (76e4c1bb2ab4671b8beba3444e61c0f17584b2fc-refs/branch-heads/4664@{#947}) on port 3216
Only local connections are allowed.
Please see https://chromedriver.chromium.org/security-considerations for suggestions on keeping ChromeDriver safe.
ChromeDriver was started successfully.
Dec 08, 2021 2:53:30 PM org.openqa.selenium.remote.ProtocolHandshake createSession
INFO: Detected dialect: W3C
]]></system-err>
  </testcase>
  <testcase name="Logintest" classname="com.testCases.CA_TC001LoginTest" time="3.998">
    <system-out><![CDATA[DEBUG [main] (BaseClass.java:54)- Debug logging has started 
 INFO [main] (CA_TC001LoginTest.java:18)- Started Logintest
 INFO [main] (CA_TC001LoginTest.java:24)- Clicked on Login
 INFO [main] (CA_TC001LoginTest.java:37)- Test Passed! Login Successful!
 INFO [main] (CA_TC001LoginTest.java:46)- Completed Logintest
]]></system-out>
    <system-err><![CDATA[Starting ChromeDriver 96.0.4664.45 (76e4c1bb2ab4671b8beba3444e61c0f17584b2fc-refs/branch-heads/4664@{#947}) on port 11264
Only local connections are allowed.
Please see https://chromedriver.chromium.org/security-considerations for suggestions on keeping ChromeDriver safe.
ChromeDriver was started successfully.
Dec 08, 2021 2:53:43 PM org.openqa.selenium.remote.ProtocolHandshake createSession
INFO: Detected dialect: W3C
]]></system-err>
  </testcase>
  <testcase name="TestCase002" classname="com.testCases.CA_TC007Me_Button_Setting" time="8.421">
    <system-out><![CDATA[DEBUG [main] (BaseClass.java:54)- Debug logging has started 
 INFO [main] (CA_TC001LoginTest.java:18)- Started Logintest
 INFO [main] (CA_TC001LoginTest.java:24)- Clicked on Login
 INFO [main] (CA_TC001LoginTest.java:37)- Test Passed! Login Successful!
 INFO [main] (CA_TC001LoginTest.java:46)- Completed Logintest
 INFO [main] (CA_TC002Home_Test.java:28)- Clicked on search job  
 INFO [main] (CA_TC002Home_Test.java:32)- Clicked on Home button  
 INFO [main] (CA_TC002Home_Test.java:36)- Test Passed!  User is on Dashboard!
 INFO [main] (CA_TC002Home_Test.java:43)- Completed Logintest
 INFO [main] (CA_TC005Me_Button.java:28)- Mouse hover on me button
 INFO [main] (CA_TC005Me_Button.java:33)- Mouse hover Link Displayed
 INFO [main] (CA_TC006MeButton_MYProfile.java:27)- Clicked on My Profile 
 INFO [main] (CA_TC006MeButton_MYProfile.java:31)- User is on Candidate Profile
 INFO [main] (CA_TC007Me_Button_Setting.java:26)- Clicked on Settings
 INFO [main] (CA_TC007Me_Button_Setting.java:30)- User is on Settings Window
]]></system-out>
    <system-err><![CDATA[Starting ChromeDriver 96.0.4664.45 (76e4c1bb2ab4671b8beba3444e61c0f17584b2fc-refs/branch-heads/4664@{#947}) on port 27801
Only local connections are allowed.
Please see https://chromedriver.chromium.org/security-considerations for suggestions on keeping ChromeDriver safe.
ChromeDriver was started successfully.
Dec 08, 2021 2:53:52 PM org.openqa.selenium.remote.ProtocolHandshake createSession
INFO: Detected dialect: W3C
]]></system-err>
  </testcase>
  <testcase name="TC004" classname="com.testCases.CA_TC0011JobTitleTest" time="6.188">
    <system-out><![CDATA[DEBUG [main] (BaseClass.java:54)- Debug logging has started 
 INFO [main] (CA_TC001LoginTest.java:18)- Started Logintest
 INFO [main] (CA_TC001LoginTest.java:24)- Clicked on Login
 INFO [main] (CA_TC001LoginTest.java:37)- Test Passed! Login Successful!
 INFO [main] (CA_TC001LoginTest.java:46)- Completed Logintest
 INFO [main] (CA_TC0011JobTitleTest.java:27)-  Clicked on job title 
 INFO [main] (CA_TC0011JobTitleTest.java:33)- job title is Visible
 INFO [main] (CA_TC0011JobTitleTest.java:40)-  Clicked on Posted job 
]]></system-out>
    <system-err><![CDATA[Starting ChromeDriver 96.0.4664.45 (76e4c1bb2ab4671b8beba3444e61c0f17584b2fc-refs/branch-heads/4664@{#947}) on port 42730
Only local connections are allowed.
Please see https://chromedriver.chromium.org/security-considerations for suggestions on keeping ChromeDriver safe.
ChromeDriver was started successfully.
Dec 08, 2021 2:54:05 PM org.openqa.selenium.remote.ProtocolHandshake createSession
INFO: Detected dialect: W3C
]]></system-err>
  </testcase>
  <testcase name="search001" classname="com.testCases.CA_TC003SearchBoxPositive" time="8.67">
    <system-out><![CDATA[DEBUG [main] (BaseClass.java:54)- Debug logging has started 
 INFO [main] (CA_TC001LoginTest.java:18)- Started Logintest
 INFO [main] (CA_TC001LoginTest.java:24)- Clicked on Login
 INFO [main] (CA_TC001LoginTest.java:37)- Test Passed! Login Successful!
 INFO [main] (CA_TC001LoginTest.java:46)- Completed Logintest
 INFO [main] (CA_TC002Home_Test.java:28)- Clicked on search job  
 INFO [main] (CA_TC002Home_Test.java:32)- Clicked on Home button  
 INFO [main] (CA_TC002Home_Test.java:36)- Test Passed!  User is on Dashboard!
 INFO [main] (CA_TC002Home_Test.java:43)- Completed Logintest
 INFO [main] (CA_TC003SearchBoxPositive.java:28)- Enter text in Search text box 
 INFO [main] (CA_TC003SearchBoxPositive.java:32)- Software Developer 
 INFO [main] (CA_TC003SearchBoxPositive.java:39)- Software Developer is not Selected 
]]></system-out>
    <system-err><![CDATA[Starting ChromeDriver 96.0.4664.45 (76e4c1bb2ab4671b8beba3444e61c0f17584b2fc-refs/branch-heads/4664@{#947}) on port 17921
Only local connections are allowed.
Please see https://chromedriver.chromium.org/security-considerations for suggestions on keeping ChromeDriver safe.
ChromeDriver was started successfully.
Dec 08, 2021 2:54:16 PM org.openqa.selenium.remote.ProtocolHandshake createSession
INFO: Detected dialect: W3C
]]></system-err>
  </testcase>
  <testcase name="TestC004" classname="com.testCases.CA_TC0010ME_Button_Jombone_test" time="7.991">
    <system-out><![CDATA[DEBUG [main] (BaseClass.java:54)- Debug logging has started 
 INFO [main] (CA_TC001LoginTest.java:18)- Started Logintest
 INFO [main] (CA_TC001LoginTest.java:24)- Clicked on Login
 INFO [main] (CA_TC001LoginTest.java:37)- Test Passed! Login Successful!
 INFO [main] (CA_TC001LoginTest.java:46)- Completed Logintest
 INFO [main] (CA_TC002Home_Test.java:28)- Clicked on search job  
 INFO [main] (CA_TC002Home_Test.java:32)- Clicked on Home button  
 INFO [main] (CA_TC002Home_Test.java:36)- Test Passed!  User is on Dashboard!
 INFO [main] (CA_TC002Home_Test.java:43)- Completed Logintest
 INFO [main] (CA_TC0010ME_Button_Jombone_test.java:27)- Clicked on Jombone button 
 INFO [main] (CA_TC0010ME_Button_Jombone_test.java:31)- Test Passed! User is on Dashboard!
 INFO [main] (CA_TC0010ME_Button_Jombone_test.java:38)- Test Completed User is on dashboard
]]></system-out>
    <system-err><![CDATA[Starting ChromeDriver 96.0.4664.45 (76e4c1bb2ab4671b8beba3444e61c0f17584b2fc-refs/branch-heads/4664@{#947}) on port 9975
Only local connections are allowed.
Please see https://chromedriver.chromium.org/security-considerations for suggestions on keeping ChromeDriver safe.
ChromeDriver was started successfully.
Dec 08, 2021 2:54:29 PM org.openqa.selenium.remote.ProtocolHandshake createSession
INFO: Detected dialect: W3C
]]></system-err>
  </testcase>
  <testcase name="search001" classname="com.testCases.CA_TC004SearchNegative" time="8.319">
    <system-out><![CDATA[DEBUG [main] (BaseClass.java:54)- Debug logging has started 
 INFO [main] (CA_TC001LoginTest.java:18)- Started Logintest
 INFO [main] (CA_TC001LoginTest.java:24)- Clicked on Login
 INFO [main] (CA_TC001LoginTest.java:37)- Test Passed! Login Successful!
 INFO [main] (CA_TC001LoginTest.java:46)- Completed Logintest
 INFO [main] (CA_TC002Home_Test.java:28)- Clicked on search job  
 INFO [main] (CA_TC002Home_Test.java:32)- Clicked on Home button  
 INFO [main] (CA_TC002Home_Test.java:36)- Test Passed!  User is on Dashboard!
 INFO [main] (CA_TC002Home_Test.java:43)- Completed Logintest
 INFO [main] (CA_TC003SearchBoxPositive.java:28)- Enter text in Search text box 
 INFO [main] (CA_TC003SearchBoxPositive.java:32)- Software Developer 
 INFO [main] (CA_TC003SearchBoxPositive.java:39)- Software Developer is not Selected 
 INFO [main] (CA_TC004SearchNegative.java:28)- Negative Search box
 INFO [main] (CA_TC004SearchNegative.java:32)- Entered Negative text Displayed
]]></system-out>
    <system-err><![CDATA[Starting ChromeDriver 96.0.4664.45 (76e4c1bb2ab4671b8beba3444e61c0f17584b2fc-refs/branch-heads/4664@{#947}) on port 21846
Only local connections are allowed.
Please see https://chromedriver.chromium.org/security-considerations for suggestions on keeping ChromeDriver safe.
ChromeDriver was started successfully.
Dec 08, 2021 2:54:42 PM org.openqa.selenium.remote.ProtocolHandshake createSession
INFO: Detected dialect: W3C
]]></system-err>
  </testcase>
  <testcase name="TC0012" classname="com.testCases.CA_TC0012CompanyNameTest" time="5.31">
    <system-out><![CDATA[DEBUG [main] (BaseClass.java:54)- Debug logging has started 
 INFO [main] (CA_TC001LoginTest.java:18)- Started Logintest
 INFO [main] (CA_TC001LoginTest.java:24)- Clicked on Login
 INFO [main] (CA_TC001LoginTest.java:37)- Test Passed! Login Successful!
 INFO [main] (CA_TC001LoginTest.java:46)- Completed Logintest
 INFO [main] (CA_TC0012CompanyNameTest.java:25)-  Clicked on job title 
 INFO [main] (CA_TC0012CompanyNameTest.java:30)- Company Name Visiable
]]></system-out>
    <system-err><![CDATA[Starting ChromeDriver 96.0.4664.45 (76e4c1bb2ab4671b8beba3444e61c0f17584b2fc-refs/branch-heads/4664@{#947}) on port 39640
Only local connections are allowed.
Please see https://chromedriver.chromium.org/security-considerations for suggestions on keeping ChromeDriver safe.
ChromeDriver was started successfully.
Dec 08, 2021 2:54:55 PM org.openqa.selenium.remote.ProtocolHandshake createSession
INFO: Detected dialect: W3C
]]></system-err>
  </testcase>
</testsuite>