<?xml version="1.0" encoding="UTF-8"?>
<testng-results skipped="0" failed="0" ignored="0" total="1" passed="1">
  <reporter-output>
  </reporter-output>
  <suite name="Default suite" duration-ms="16210" started-at="2021-12-17T01:21:15Z" finished-at="2021-12-17T01:21:31Z">
    <groups>
    </groups>
    <test name="Default test" duration-ms="16210" started-at="2021-12-17T01:21:15Z" finished-at="2021-12-17T01:21:31Z">
      <class name="com.testCases.CA_TC0010ME_Button_Jombone_test">
        <test-method status="PASS" signature="setup()[pri:0, instance:com.testCases.CA_TC0010ME_Button_Jombone_test@1ce92674]" name="setup" is-config="true" duration-ms="6552" started-at="2021-12-17T01:21:15Z" finished-at="2021-12-17T01:21:22Z">
          <reporter-output>
          </reporter-output>
        </test-method> <!-- setup -->
        <test-method status="PASS" signature="TestC004()[pri:0, instance:com.testCases.CA_TC0010ME_Button_Jombone_test@1ce92674]" name="TestC004" duration-ms="8926" started-at="2021-12-17T01:21:22Z" finished-at="2021-12-17T01:21:30Z">
          <reporter-output>
          </reporter-output>
        </test-method> <!-- TestC004 -->
        <test-method status="PASS" signature="tearDown()[pri:0, instance:com.testCases.CA_TC0010ME_Button_Jombone_test@1ce92674]" name="tearDown" is-config="true" duration-ms="718" started-at="2021-12-17T01:21:30Z" finished-at="2021-12-17T01:21:31Z">
          <reporter-output>
          </reporter-output>
        </test-method> <!-- tearDown -->
      </class> <!-- com.testCases.CA_TC0010ME_Button_Jombone_test -->
    </test> <!-- Default test -->
  </suite> <!-- Default suite -->
</testng-results>
